<?xml version="1.0" encoding="UTF-8"?>
<!-- Generated by org.testng.reporters.JUnitReportReporter -->
<testsuite hostname="DESKTOP-QNTD8CV" name="RestTesting.E_Commerce1" tests="2" failures="0" timestamp="16 Mar 2022 09:35:00 GMT" time="9.159" errors="0">
  <testcase name="Getallusers" time="2.275" classname="RestTesting.E_Commerce1"/>
  <testcase name="Login" time="6.884" classname="RestTesting.E_Commerce1"/>
</testsuite> <!-- RestTesting.E_Commerce1 -->
