<?xml version="1.0" encoding="UTF-8"?>
<!-- Generated by org.testng.reporters.JUnitReportReporter -->
<testsuite hostname="DESKTOP-QNTD8CV" failures="0" tests="3" name="RestTesting.Trello" time="6.234" errors="0" timestamp="16 Mar 2022 07:18:10 GMT">
  <testcase classname="RestTesting.Trello" name="createBoard" time="4.757"/>
  <testcase classname="RestTesting.Trello" name="DeleteBoard" time="0.837"/>
  <testcase classname="RestTesting.Trello" name="getBoard" time="0.640"/>
</testsuite> <!-- RestTesting.Trello -->
