<?xml version="1.0" encoding="UTF-8"?>
<!-- Generated by org.testng.reporters.JUnitReportReporter -->
<testsuite hostname="DESKTOP-QNTD8CV" failures="0" tests="2" name="RestAssuredTesting.TestNG" time="0.017" errors="0" timestamp="2022-03-15T01:04:19 IST" skipped="0">
  <testcase classname="RestAssuredTesting.TestNG" name="testcase2" time="0.003"/>
  <system-out/>
  <testcase classname="RestAssuredTesting.TestNG" name="testcase1" time="0.014"/>
  <system-out/>
</testsuite> <!-- RestAssuredTesting.TestNG -->
