<?xml version="1.0" encoding="UTF-8"?>
<!-- Generated by org.testng.reporters.JUnitReportReporter -->
<testsuite hostname="DESKTOP-QNTD8CV" failures="0" tests="3" name="RestTesting.E_Commerce1" time="9.377" errors="0" timestamp="2022-03-16T15:03:40 IST" skipped="1">
  <testcase classname="RestTesting.E_Commerce1" name="Login" time="7.085"/>
  <system-out/>
  <testcase classname="RestTesting.E_Commerce1" name="Getallusers" time="2.292"/>
  <system-out/>
  <testcase classname="RestTesting.E_Commerce1" name="signup">
    <skipped/>
  </testcase> <!-- signup -->
  <system-out/>
</testsuite> <!-- RestTesting.E_Commerce1 -->
