<?xml version="1.0" encoding="UTF-8"?>
<!-- Generated by org.testng.reporters.JUnitReportReporter -->
<testsuite hostname="DESKTOP-QNTD8CV" failures="0" tests="3" name="RestTesting.Trello" time="5.817" errors="0" timestamp="2022-03-16T12:51:50 IST" skipped="0">
  <testcase classname="RestTesting.Trello" name="createBoard" time="4.172"/>
  <system-out/>
  <testcase classname="RestTesting.Trello" name="getBoard" time="0.741"/>
  <system-out/>
  <testcase classname="RestTesting.Trello" name="DeleteBoard" time="0.904"/>
  <system-out/>
</testsuite> <!-- RestTesting.Trello -->
